<?xml version="1.0" encoding="UTF-8"?>
<!-- Generated by org.testng.reporters.JUnitReportReporter -->
<testsuite skipped="0" hostname="DESKTOP-FODNFP3" name="menuApp.tests.suites.MenuSuite" tests="3" failures="0" timestamp="2021-06-01T13:38:01 CEST" time="13.894" errors="0">
  <testcase name="verifyWorkingHours" time="3.760" classname="menuApp.tests.suites.MenuSuite"/>
  <system-out/>
  <testcase name="verifyNumberOfLocations" time="6.796" classname="menuApp.tests.suites.MenuSuite"/>
  <system-out/>
  <testcase name="verifyCanItemsBeAddedToCart" time="3.338" classname="menuApp.tests.suites.MenuSuite"/>
  <system-out/>
</testsuite> <!-- menuApp.tests.suites.MenuSuite -->
